<?xml version="1.0" encoding="UTF-8"?>
<testng-results skipped="2" failed="1" total="5" passed="2">
  <reporter-output>
    <line>
      <![CDATA[Maruthi]]>
    </line>
    <line>
      <![CDATA[Ferrari]]>
    </line>
  </reporter-output>
  <suite name="TestNG.TestNG_AllAnnotations" duration-ms="27355" started-at="2016-05-30T22:42:08Z" finished-at="2016-05-30T22:42:36Z">
    <groups>
      <group name="bus">
        <method signature="TestNG_AllAnnotations.Bus()[pri:0, instance:TestNG.TestNG_AllAnnotations@1975490]" name="Bus" class="TestNG.TestNG_AllAnnotations"/>
      </group> <!-- bus -->
      <group name="car">
        <method signature="TestNG_AllAnnotations.Maruthi()[pri:0, instance:TestNG.TestNG_AllAnnotations@1975490]" name="Maruthi" class="TestNG.TestNG_AllAnnotations"/>
        <method signature="TestNG_AllAnnotations.Ferrari()[pri:0, instance:TestNG.TestNG_AllAnnotations@1975490]" name="Ferrari" class="TestNG.TestNG_AllAnnotations"/>
      </group> <!-- car -->
      <group name="truck">
        <method signature="TestNG_AllAnnotations.Volvo()[pri:0, instance:TestNG.TestNG_AllAnnotations@1975490]" name="Volvo" class="TestNG.TestNG_AllAnnotations"/>
        <method signature="TestNG_AllAnnotations.Iveco()[pri:0, instance:TestNG.TestNG_AllAnnotations@1975490]" name="Iveco" class="TestNG.TestNG_AllAnnotations"/>
      </group> <!-- truck -->
    </groups>
    <test name="Command line test" duration-ms="27355" started-at="2016-05-30T22:42:08Z" finished-at="2016-05-30T22:42:36Z">
      <class name="TestNG.TestNG_AllAnnotations">
        <test-method status="PASS" signature="beforeSuite()[pri:0, instance:TestNG.TestNG_AllAnnotations@1975490]" name="beforeSuite" is-config="true" duration-ms="14" started-at="2016-05-31T00:42:08Z" finished-at="2016-05-31T00:42:08Z">
          <reporter-output>
          </reporter-output>
        </test-method> <!-- beforeSuite -->
        <test-method status="PASS" signature="beforeTest()[pri:0, instance:TestNG.TestNG_AllAnnotations@1975490]" name="beforeTest" is-config="true" duration-ms="1" started-at="2016-05-31T00:42:08Z" finished-at="2016-05-31T00:42:08Z">
          <reporter-output>
          </reporter-output>
        </test-method> <!-- beforeTest -->
        <test-method status="PASS" signature="beforeClass()[pri:0, instance:TestNG.TestNG_AllAnnotations@1975490]" name="beforeClass" is-config="true" duration-ms="0" started-at="2016-05-31T00:42:08Z" finished-at="2016-05-31T00:42:08Z">
          <reporter-output>
          </reporter-output>
        </test-method> <!-- beforeClass -->
        <test-method status="PASS" signature="beforeMethod()[pri:0, instance:TestNG.TestNG_AllAnnotations@1975490]" name="beforeMethod" is-config="true" duration-ms="0" started-at="2016-05-31T00:42:08Z" finished-at="2016-05-31T00:42:08Z">
          <reporter-output>
          </reporter-output>
        </test-method> <!-- beforeMethod -->
        <test-method status="PASS" signature="Maruthi()[pri:0, instance:TestNG.TestNG_AllAnnotations@1975490]" name="Maruthi" duration-ms="2" started-at="2016-05-31T00:42:08Z" finished-at="2016-05-31T00:42:08Z">
          <reporter-output>
            <line>
              <![CDATA[Maruthi]]>
            </line>
          </reporter-output>
        </test-method> <!-- Maruthi -->
        <test-method status="PASS" signature="afterMethod()[pri:0, instance:TestNG.TestNG_AllAnnotations@1975490]" name="afterMethod" is-config="true" duration-ms="0" started-at="2016-05-31T00:42:08Z" finished-at="2016-05-31T00:42:08Z">
          <reporter-output>
          </reporter-output>
        </test-method> <!-- afterMethod -->
        <test-method status="PASS" signature="Ferrari()[pri:0, instance:TestNG.TestNG_AllAnnotations@1975490]" name="Ferrari" duration-ms="0" started-at="2016-05-31T00:42:08Z" depends-on-methods="TestNG.TestNG_AllAnnotations.Maruthi" finished-at="2016-05-31T00:42:08Z">
          <reporter-output>
            <line>
              <![CDATA[Ferrari]]>
            </line>
          </reporter-output>
        </test-method> <!-- Ferrari -->
        <test-method status="PASS" signature="afterMethod()[pri:0, instance:TestNG.TestNG_AllAnnotations@1975490]" name="afterMethod" is-config="true" duration-ms="1" started-at="2016-05-31T00:42:08Z" finished-at="2016-05-31T00:42:08Z">
          <reporter-output>
          </reporter-output>
        </test-method> <!-- afterMethod -->
        <test-method status="PASS" signature="beforeMethod()[pri:0, instance:TestNG.TestNG_AllAnnotations@1975490]" name="beforeMethod" is-config="true" duration-ms="0" started-at="2016-05-31T00:42:08Z" finished-at="2016-05-31T00:42:08Z">
          <reporter-output>
          </reporter-output>
        </test-method> <!-- beforeMethod -->
        <test-method status="FAIL" signature="Volvo()[pri:0, instance:TestNG.TestNG_AllAnnotations@1975490]" name="Volvo" duration-ms="27285" started-at="2016-05-31T00:42:08Z" depends-on-methods="TestNG.TestNG_AllAnnotations.Ferrari" finished-at="2016-05-31T00:42:36Z">
          <exception class="org.openqa.selenium.remote.UnreachableBrowserException">
            <message>
              <![CDATA[Error communicating with the remote browser. It may have died.
Build info: version: '2.37.0', revision: 'a7c61cbd68657e133ae96672cf995890bad2ee42', time: '2013-10-18 09:51:02'
System info: host: '43601JNBITD018L', ip: '192.168.56.1', os.name: 'Windows 7', os.arch: 'x86', os.version: '6.1', java.version: '1.8.0_76-ea'
Driver info: driver.version: RemoteWebDriver]]>
            </message>
            <full-stacktrace>
              <![CDATA[org.openqa.selenium.remote.UnreachableBrowserException: Error communicating with the remote browser. It may have died.
Build info: version: '2.37.0', revision: 'a7c61cbd68657e133ae96672cf995890bad2ee42', time: '2013-10-18 09:51:02'
System info: host: '43601JNBITD018L', ip: '192.168.56.1', os.name: 'Windows 7', os.arch: 'x86', os.version: '6.1', java.version: '1.8.0_76-ea'
Driver info: driver.version: RemoteWebDriver
	at org.openqa.selenium.remote.RemoteWebDriver.execute(RemoteWebDriver.java:548)
	at org.openqa.selenium.remote.RemoteWebDriver.get(RemoteWebDriver.java:276)
	at TestNG.TestNG_AllAnnotations.Volvo(TestNG_AllAnnotations.java:32)
	at sun.reflect.NativeMethodAccessorImpl.invoke0(Native Method)
	at sun.reflect.NativeMethodAccessorImpl.invoke(NativeMethodAccessorImpl.java:62)
	at sun.reflect.DelegatingMethodAccessorImpl.invoke(DelegatingMethodAccessorImpl.java:43)
	at java.lang.reflect.Method.invoke(Method.java:498)
	at org.testng.internal.MethodInvocationHelper.invokeMethod(MethodInvocationHelper.java:85)
	at org.testng.internal.Invoker.invokeMethod(Invoker.java:639)
	at org.testng.internal.Invoker.invokeTestMethod(Invoker.java:816)
	at org.testng.internal.Invoker.invokeTestMethods(Invoker.java:1124)
	at org.testng.internal.TestMethodWorker.invokeTestMethods(TestMethodWorker.java:125)
	at org.testng.internal.TestMethodWorker.run(TestMethodWorker.java:108)
	at org.testng.TestRunner.privateRun(TestRunner.java:774)
	at org.testng.TestRunner.run(TestRunner.java:624)
	at org.testng.SuiteRunner.runTest(SuiteRunner.java:359)
	at org.testng.SuiteRunner.runSequentially(SuiteRunner.java:354)
	at org.testng.SuiteRunner.privateRun(SuiteRunner.java:312)
	at org.testng.SuiteRunner.run(SuiteRunner.java:261)
	at org.testng.SuiteRunnerWorker.runSuite(SuiteRunnerWorker.java:52)
	at org.testng.SuiteRunnerWorker.run(SuiteRunnerWorker.java:86)
	at org.testng.TestNG.runSuitesSequentially(TestNG.java:1215)
	at org.testng.TestNG.runSuitesLocally(TestNG.java:1140)
	at org.testng.TestNG.run(TestNG.java:1048)
	at org.apache.maven.surefire.testng.TestNGExecutor.run(TestNGExecutor.java:77)
	at org.apache.maven.surefire.testng.TestNGDirectoryTestSuite.execute(TestNGDirectoryTestSuite.java:110)
	at org.apache.maven.surefire.testng.TestNGProvider.invoke(TestNGProvider.java:106)
	at sun.reflect.NativeMethodAccessorImpl.invoke0(Native Method)
	at sun.reflect.NativeMethodAccessorImpl.invoke(NativeMethodAccessorImpl.java:62)
	at sun.reflect.DelegatingMethodAccessorImpl.invoke(DelegatingMethodAccessorImpl.java:43)
	at java.lang.reflect.Method.invoke(Method.java:498)
	at org.apache.maven.surefire.util.ReflectionUtils.invokeMethodWithArray(ReflectionUtils.java:189)
	at org.apache.maven.surefire.booter.ProviderFactory$ProviderProxy.invoke(ProviderFactory.java:165)
	at org.apache.maven.surefire.booter.ProviderFactory.invokeProvider(ProviderFactory.java:85)
	at org.apache.maven.surefire.booter.ForkedBooter.runSuitesInProcess(ForkedBooter.java:115)
	at org.apache.maven.surefire.booter.ForkedBooter.main(ForkedBooter.java:75)
Caused by: java.net.ConnectException: Connection refused: connect
	at java.net.DualStackPlainSocketImpl.waitForConnect(Native Method)
	at java.net.DualStackPlainSocketImpl.socketConnect(DualStackPlainSocketImpl.java:85)
	at java.net.AbstractPlainSocketImpl.doConnect(AbstractPlainSocketImpl.java:350)
	at java.net.AbstractPlainSocketImpl.connectToAddress(AbstractPlainSocketImpl.java:206)
	at java.net.AbstractPlainSocketImpl.connect(AbstractPlainSocketImpl.java:188)
	at java.net.PlainSocketImpl.connect(PlainSocketImpl.java:172)
	at java.net.SocksSocketImpl.connect(SocksSocketImpl.java:392)
	at java.net.Socket.connect(Socket.java:589)
	at org.apache.http.conn.scheme.PlainSocketFactory.connectSocket(PlainSocketFactory.java:117)
	at org.apache.http.impl.conn.DefaultClientConnectionOperator.openConnection(DefaultClientConnectionOperator.java:178)
	at org.apache.http.impl.conn.AbstractPoolEntry.open(AbstractPoolEntry.java:144)
	at org.apache.http.impl.conn.AbstractPooledConnAdapter.open(AbstractPooledConnAdapter.java:131)
	at org.apache.http.impl.client.DefaultRequestDirector.tryConnect(DefaultRequestDirector.java:610)
	at org.apache.http.impl.client.DefaultRequestDirector.execute(DefaultRequestDirector.java:445)
	at org.apache.http.impl.client.AbstractHttpClient.doExecute(AbstractHttpClient.java:863)
	at org.apache.http.impl.client.CloseableHttpClient.execute(CloseableHttpClient.java:72)
	at org.apache.http.impl.client.CloseableHttpClient.execute(CloseableHttpClient.java:57)
	at org.openqa.selenium.remote.HttpCommandExecutor.fallBackExecute(HttpCommandExecutor.java:337)
	at org.openqa.selenium.remote.HttpCommandExecutor.execute(HttpCommandExecutor.java:298)
	at org.openqa.selenium.firefox.internal.NewProfileExtensionConnection.execute(NewProfileExtensionConnection.java:145)
	at org.openqa.selenium.firefox.FirefoxDriver$LazyCommandExecutor.execute(FirefoxDriver.java:366)
	at org.openqa.selenium.remote.RemoteWebDriver.execute(RemoteWebDriver.java:527)
	... 35 more
]]>
            </full-stacktrace>
          </exception> <!-- org.openqa.selenium.remote.UnreachableBrowserException -->
          <reporter-output>
          </reporter-output>
        </test-method> <!-- Volvo -->
        <test-method status="PASS" signature="beforeMethod()[pri:0, instance:TestNG.TestNG_AllAnnotations@1975490]" name="beforeMethod" is-config="true" duration-ms="0" started-at="2016-05-31T00:42:08Z" finished-at="2016-05-31T00:42:08Z">
          <reporter-output>
          </reporter-output>
        </test-method> <!-- beforeMethod -->
        <test-method status="SKIP" signature="Iveco()[pri:0, instance:TestNG.TestNG_AllAnnotations@1975490]" name="Iveco" duration-ms="0" started-at="2016-05-31T00:42:36Z" depends-on-methods="TestNG.TestNG_AllAnnotations.Volvo" finished-at="2016-05-31T00:42:36Z">
          <exception class="java.lang.Throwable">
            <message>
              <![CDATA[Method TestNG_AllAnnotations.Iveco()[pri:0, instance:TestNG.TestNG_AllAnnotations@1975490] depends on not successfully finished methods]]>
            </message>
            <full-stacktrace>
              <![CDATA[java.lang.Throwable: Method TestNG_AllAnnotations.Iveco()[pri:0, instance:TestNG.TestNG_AllAnnotations@1975490] depends on not successfully finished methods
	at org.testng.internal.Invoker.invokeTestMethods(Invoker.java:1033)
	at org.testng.internal.TestMethodWorker.invokeTestMethods(TestMethodWorker.java:125)
	at org.testng.internal.TestMethodWorker.run(TestMethodWorker.java:108)
	at org.testng.TestRunner.privateRun(TestRunner.java:774)
	at org.testng.TestRunner.run(TestRunner.java:624)
	at org.testng.SuiteRunner.runTest(SuiteRunner.java:359)
	at org.testng.SuiteRunner.runSequentially(SuiteRunner.java:354)
	at org.testng.SuiteRunner.privateRun(SuiteRunner.java:312)
	at org.testng.SuiteRunner.run(SuiteRunner.java:261)
	at org.testng.SuiteRunnerWorker.runSuite(SuiteRunnerWorker.java:52)
	at org.testng.SuiteRunnerWorker.run(SuiteRunnerWorker.java:86)
	at org.testng.TestNG.runSuitesSequentially(TestNG.java:1215)
	at org.testng.TestNG.runSuitesLocally(TestNG.java:1140)
	at org.testng.TestNG.run(TestNG.java:1048)
	at org.apache.maven.surefire.testng.TestNGExecutor.run(TestNGExecutor.java:77)
	at org.apache.maven.surefire.testng.TestNGDirectoryTestSuite.execute(TestNGDirectoryTestSuite.java:110)
	at org.apache.maven.surefire.testng.TestNGProvider.invoke(TestNGProvider.java:106)
	at sun.reflect.NativeMethodAccessorImpl.invoke0(Native Method)
	at sun.reflect.NativeMethodAccessorImpl.invoke(NativeMethodAccessorImpl.java:62)
	at sun.reflect.DelegatingMethodAccessorImpl.invoke(DelegatingMethodAccessorImpl.java:43)
	at java.lang.reflect.Method.invoke(Method.java:498)
	at org.apache.maven.surefire.util.ReflectionUtils.invokeMethodWithArray(ReflectionUtils.java:189)
	at org.apache.maven.surefire.booter.ProviderFactory$ProviderProxy.invoke(ProviderFactory.java:165)
	at org.apache.maven.surefire.booter.ProviderFactory.invokeProvider(ProviderFactory.java:85)
	at org.apache.maven.surefire.booter.ForkedBooter.runSuitesInProcess(ForkedBooter.java:115)
	at org.apache.maven.surefire.booter.ForkedBooter.main(ForkedBooter.java:75)
]]>
            </full-stacktrace>
          </exception> <!-- java.lang.Throwable -->
          <reporter-output>
          </reporter-output>
        </test-method> <!-- Iveco -->
        <test-method status="PASS" signature="afterMethod()[pri:0, instance:TestNG.TestNG_AllAnnotations@1975490]" name="afterMethod" is-config="true" duration-ms="0" started-at="2016-05-31T00:42:36Z" finished-at="2016-05-31T00:42:36Z">
          <reporter-output>
          </reporter-output>
        </test-method> <!-- afterMethod -->
        <test-method status="SKIP" signature="Bus()[pri:0, instance:TestNG.TestNG_AllAnnotations@1975490]" name="Bus" duration-ms="0" started-at="2016-05-31T00:42:36Z" depends-on-methods="TestNG.TestNG_AllAnnotations.Iveco" finished-at="2016-05-31T00:42:36Z">
          <exception class="java.lang.Throwable">
            <message>
              <![CDATA[Method TestNG_AllAnnotations.Bus()[pri:0, instance:TestNG.TestNG_AllAnnotations@1975490] depends on not successfully finished methods]]>
            </message>
            <full-stacktrace>
              <![CDATA[java.lang.Throwable: Method TestNG_AllAnnotations.Bus()[pri:0, instance:TestNG.TestNG_AllAnnotations@1975490] depends on not successfully finished methods
	at org.testng.internal.Invoker.invokeTestMethods(Invoker.java:1033)
	at org.testng.internal.TestMethodWorker.invokeTestMethods(TestMethodWorker.java:125)
	at org.testng.internal.TestMethodWorker.run(TestMethodWorker.java:108)
	at org.testng.TestRunner.privateRun(TestRunner.java:774)
	at org.testng.TestRunner.run(TestRunner.java:624)
	at org.testng.SuiteRunner.runTest(SuiteRunner.java:359)
	at org.testng.SuiteRunner.runSequentially(SuiteRunner.java:354)
	at org.testng.SuiteRunner.privateRun(SuiteRunner.java:312)
	at org.testng.SuiteRunner.run(SuiteRunner.java:261)
	at org.testng.SuiteRunnerWorker.runSuite(SuiteRunnerWorker.java:52)
	at org.testng.SuiteRunnerWorker.run(SuiteRunnerWorker.java:86)
	at org.testng.TestNG.runSuitesSequentially(TestNG.java:1215)
	at org.testng.TestNG.runSuitesLocally(TestNG.java:1140)
	at org.testng.TestNG.run(TestNG.java:1048)
	at org.apache.maven.surefire.testng.TestNGExecutor.run(TestNGExecutor.java:77)
	at org.apache.maven.surefire.testng.TestNGDirectoryTestSuite.execute(TestNGDirectoryTestSuite.java:110)
	at org.apache.maven.surefire.testng.TestNGProvider.invoke(TestNGProvider.java:106)
	at sun.reflect.NativeMethodAccessorImpl.invoke0(Native Method)
	at sun.reflect.NativeMethodAccessorImpl.invoke(NativeMethodAccessorImpl.java:62)
	at sun.reflect.DelegatingMethodAccessorImpl.invoke(DelegatingMethodAccessorImpl.java:43)
	at java.lang.reflect.Method.invoke(Method.java:498)
	at org.apache.maven.surefire.util.ReflectionUtils.invokeMethodWithArray(ReflectionUtils.java:189)
	at org.apache.maven.surefire.booter.ProviderFactory$ProviderProxy.invoke(ProviderFactory.java:165)
	at org.apache.maven.surefire.booter.ProviderFactory.invokeProvider(ProviderFactory.java:85)
	at org.apache.maven.surefire.booter.ForkedBooter.runSuitesInProcess(ForkedBooter.java:115)
	at org.apache.maven.surefire.booter.ForkedBooter.main(ForkedBooter.java:75)
]]>
            </full-stacktrace>
          </exception> <!-- java.lang.Throwable -->
          <reporter-output>
          </reporter-output>
        </test-method> <!-- Bus -->
        <test-method status="PASS" signature="afterClass()[pri:0, instance:TestNG.TestNG_AllAnnotations@1975490]" name="afterClass" is-config="true" duration-ms="1" started-at="2016-05-31T00:42:36Z" finished-at="2016-05-31T00:42:36Z">
          <reporter-output>
          </reporter-output>
        </test-method> <!-- afterClass -->
        <test-method status="PASS" signature="afterTest()[pri:0, instance:TestNG.TestNG_AllAnnotations@1975490]" name="afterTest" is-config="true" duration-ms="0" started-at="2016-05-31T00:42:36Z" finished-at="2016-05-31T00:42:36Z">
          <reporter-output>
          </reporter-output>
        </test-method> <!-- afterTest -->
        <test-method status="PASS" signature="afterSuite()[pri:0, instance:TestNG.TestNG_AllAnnotations@1975490]" name="afterSuite" is-config="true" duration-ms="0" started-at="2016-05-31T00:42:36Z" finished-at="2016-05-31T00:42:36Z">
          <reporter-output>
          </reporter-output>
        </test-method> <!-- afterSuite -->
      </class> <!-- TestNG.TestNG_AllAnnotations -->
    </test> <!-- Command line test -->
  </suite> <!-- TestNG.TestNG_AllAnnotations -->
</testng-results>
